{"Row ID": [1, 2, 3, 4, 5, 6, 7, 8, 9, 10], "Order ID": ["CA-2017-152156", "CA-2017-152156", "CA-2017-138688", "US-2016-108966", "US-2016-108966", "CA-2015-115812", "CA-2015-115812", "CA-2015-115812", "CA-2015-115812", "CA-2015-115812"], "Order Date": ["08/11/2017", "08/11/2017", "12/06/2017", "11/10/2016", "11/10/2016", "09/06/2015", "09/06/2015", "09/06/2015", "09/06/2015", "09/06/2015"], "Ship Date": ["11/11/2017", "11/11/2017", "16/06/2017", "18/10/2016", "18/10/2016", "14/06/2015", "14/06/2015", "14/06/2015", "14/06/2015", "14/06/2015"], "Ship Mode": ["Second Class", "Second Class", "Second Class", "Standard Class", "Standard Class", "Standard Class", "Standard Class", "Standard Class", "Standard Class", "Standard Class"], "Customer ID": ["CG-12520", "CG-12520", "DV-13045", "SO-20335", "SO-20335", "BH-11710", "BH-11710", "BH-11710", "BH-11710", "BH-11710"], "Customer Name": ["Claire Gute", "Claire Gute", "Darrin Van Huff", "Sean O'Donnell", "Sean O'Donnell", "Brosina Hoffman", "Brosina Hoffman", "Brosina Hoffman", "Brosina Hoffman", "Brosina Hoffman"], "Segment": ["Consumer", "Consumer", "Corporate", "Consumer", "Consumer", "Consumer", "Consumer", "Consumer", "Consumer", "Consumer"], "Country": ["United States", "United States", "United States", "United States", "United States", "United States", "United States", "United States", "United States", "United States"], "City": ["Henderson", "Henderson", "Los Angeles", "Fort Lauderdale", "Fort Lauderdale", "Los Angeles", "Los Angeles", "Los Angeles", "Los Angeles", "Los Angeles"], "State": ["Kentucky", "Kentucky", "California", "Florida", "Florida", "California", "California", "California", "California", "California"], "Postal Code": [42420.0, 42420.0, 90036.0, 33311.0, 33311.0, 90032.0, 90032.0, 90032.0, 90032.0, 90032.0], "Region": ["South", "South", "West", "South", "South", "West", "West", "West", "West", "West"], "Product ID": ["FUR-BO-10001798", "FUR-CH-10000454", "OFF-LA-10000240", "FUR-TA-10000577", "OFF-ST-10000760", "FUR-FU-10001487", "OFF-AR-10002833", "TEC-PH-10002275", "OFF-BI-10003910", "OFF-AP-10002892"], "Category": ["Furniture", "Furniture", "Office Supplies", "Furniture", "Office Supplies", "Furniture", "Office Supplies", "Technology", "Office Supplies", "Office Supplies"], "Sub-Category": ["Bookcases", "Chairs", "Labels", "Tables", "Storage", "Furnishings", "Art", "Phones", "Binders", "Appliances"], "Product Name": ["Bush Somerset Collection Bookcase", "Hon Deluxe Fabric Upholstered Stacking Chairs, Rounded Back", "Self-Adhesive Address Labels for Typewriters by Universal", "Bretford CR4500 Series Slim Rectangular Table", "Eldon Fold 'N Roll Cart System", "Eldon Expressions Wood and Plastic Desk Accessories, Cherry Wood", "Newell 322", "Mitel 5320 IP Phone VoIP phone", "DXL Angle-View Binders with Locking Rings by Samsill", "Belkin F5C206VTEL 6 Outlet Surge"], "Sales": [261.96, 731.94, 14.62, 957.5775, 22.368000000000002, 48.86, 7.28, 907.1519999999999, 18.504, 114.9]}
0.08411288261413574
{
  "Category": [
    "Furniture",
    "Furniture",
    "Office Supplies",
    "Furniture",
    "Office Supplies",
    "Furniture",
    "Office Supplies",
    "Technology",
    "Office Supplies",
    "Office Supplies"
  ],
  "City": [
    "Henderson",
    "Henderson",
    "Los Angeles",
    "Fort Lauderdale",
    "Fort Lauderdale",
    "Los Angeles",
    "Los Angeles",
    "Los Angeles",
    "Los Angeles",
    "Los Angeles"
  ],
  "Country": [
    "United States",
    "United States",
    "United States",
    "United States",
    "United States",
    "United States",
    "United States",
    "United States",
    "United States",
    "United States"
  ],
  "Customer ID": [
    "CG-12520",
    "CG-12520",
    "DV-13045",
    "SO-20335",
    "SO-20335",
    "BH-11710",
    "BH-11710",
    "BH-11710",
    "BH-11710",
    "BH-11710"
  ],
  "Customer Name": [
    "Claire Gute",
    "Claire Gute",
    "Darrin Van Huff",
    "Sean O'Donnell",
    "Sean O'Donnell",
    "Brosina Hoffman",
    "Brosina Hoffman",
    "Brosina Hoffman",
    "Brosina Hoffman",
    "Brosina Hoffman"
  ],
  "Order Date": [
    "08/11/2017",
    "08/11/2017",
    "12/06/2017",
    "11/10/2016",
    "11/10/2016",
    "09/06/2015",
    "09/06/2015",
    "09/06/2015",
    "09/06/2015",
    "09/06/2015"
  ],
  "Order ID": [
    "CA-2017-152156",
    "CA-2017-152156",
    "CA-2017-138688",
    "US-2016-108966",
    "US-2016-108966",
    "CA-2015-115812",
    "CA-2015-115812",
    "CA-2015-115812",
    "CA-2015-115812",
    "CA-2015-115812"
  ],
  "Postal Code": [
    42420.0,
    42420.0,
    90036.0,
    33311.0,
    33311.0,
    90032.0,
    90032.0,
    90032.0,
    90032.0,
    90032.0
  ],
  "Product ID": [
    "FUR-BO-10001798",
    "FUR-CH-10000454",
    "OFF-LA-10000240",
    "FUR-TA-10000577",
    "OFF-ST-10000760",
    "FUR-FU-10001487",
    "OFF-AR-10002833",
    "TEC-PH-10002275",
    "OFF-BI-10003910",
    "OFF-AP-10002892"
  ],
  "Product Name": [
    "Bush Somerset Collection Bookcase",
    "Hon Deluxe Fabric Upholstered Stacking Chairs, Rounded Back",
    "Self-Adhesive Address Labels for Typewriters by Universal",
    "Bretford CR4500 Series Slim Rectangular Table",
    "Eldon Fold 'N Roll Cart System",
    "Eldon Expressions Wood and Plastic Desk Accessories, Cherry Wood",
    "Newell 322",
    "Mitel 5320 IP Phone VoIP phone",
    "DXL Angle-View Binders with Locking Rings by Samsill",
    "Belkin F5C206VTEL 6 Outlet Surge"
  ],
  "Region": [
    "South",
    "South",
    "West",
    "South",
    "South",
    "West",
    "West",
    "West",
    "West",
    "West"
  ],
  "Row ID": [
    1,
    2,
    3,
    4,
    5,
    6,
    7,
    8,
    9,
    10
  ],
  "Sales": [
    261.96,
    731.94,
    14.62,
    957.5775,
    22.368000000000002,
    48.86,
    7.28,
    907.1519999999999,
    18.504,
    114.9
  ],
  "Segment": [
    "Consumer",
    "Consumer",
    "Corporate",
    "Consumer",
    "Consumer",
    "Consumer",
    "Consumer",
    "Consumer",
    "Consumer",
    "Consumer"
  ],
  "Ship Date": [
    "11/11/2017",
    "11/11/2017",
    "16/06/2017",
    "18/10/2016",
    "18/10/2016",
    "14/06/2015",
    "14/06/2015",
    "14/06/2015",
    "14/06/2015",
    "14/06/2015"
  ],
  "Ship Mode": [
    "Second Class",
    "Second Class",
    "Second Class",
    "Standard Class",
    "Standard Class",
    "Standard Class",
    "Standard Class",
    "Standard Class",
    "Standard Class",
    "Standard Class"
  ],
  "State": [
    "Kentucky",
    "Kentucky",
    "California",
    "Florida",
    "Florida",
    "California",
    "California",
    "California",
    "California",
    "California"
  ],
  "Sub-Category": [
    "Bookcases",
    "Chairs",
    "Labels",
    "Tables",
    "Storage",
    "Furnishings",
    "Art",
    "Phones",
    "Binders",
    "Appliances"
  ],
  "predicted_sales": [
    196.31905424991754,
    203.81487884433562,
    249.85211411868647,
    292.20705774862574,
    277.2154085597897,
    245.99623768202517,
    193.52546552109877,
    275.97953605969735,
    201.02129011551682,
    186.0296409266807
  ]
}

